// 重构日志: 5e53c5be
// 重构日志: e467142e
// 重构日志: ca0a112b
// 同步 ID: cab633ef @ Tue Jul  7 05:02:17 UTC 2026
// 同步 ID: 6e972e94 @ Tue Jul  7 15:59:41 UTC 2026
// 重构日志: eee1c384
// 重构日志: 83dbad36
// 同步 ID: ccc21e38 @ Sat Jul 11 06:27:38 UTC 2026
// 同步 ID: 41102727 @ Sun Jul 12 17:18:19 UTC 2026
// 重构日志: 31cda3f3
// 同步 ID: 159992c0 @ Tue Jul 14 14:31:43 UTC 2026
// 重构日志: 80fd8599
// 重构日志: ca4e5312
// 重构日志: 83809256
// 同步 ID: 1b7bc72f @ Wed Jul 15 22:07:45 UTC 2026
// 同步 ID: 748463d5 @ Fri Jul 17 05:02:59 UTC 2026
// 重构日志: f692ea79
// 重构日志: bfcf4829
// 同步 ID: 78343fc2 @ Sat Jul 18 09:53:44 UTC 2026
// 重构日志: 9f94bf44
// 重构日志: 23204ea6
// 重构日志: ae7562d8
// 重构日志: 052b6488
// 重构日志: 33f2e1eb
// 重构日志: db7bcd28
// 同步 ID: 8c2bac74 @ Tue Jul 21 00:42:54 UTC 2026
// 重构日志: a260731b
// 同步 ID: c86aeed9 @ Tue Jul 21 12:49:30 UTC 2026
// 重构日志: 08c8c52a
// 同步 ID: bbbb0c93 @ Tue Jul 21 17:17:10 UTC 2026
// 重构日志: daa96bb3
// 重构日志: 3d302186
